#............   START -INI- LOG ENTRY   ............###{humanVerse}#####
2022-10-08\./00:02:46 GMT+0000
2022-10-08
1665187366.112726.88fd5
--FUNCTION_INFO--
list(envir = "<environment>", call = "number.init()", fn.info = list(
    fn = "ini.parseFiles", dot.data = structure(list(NA_character_), names = NA_character_), 
    params = list(inifilesORDERmatters = "n.files", master = "n.rds", 
        use.cache = "use.cache", smart.num = "FALSE"), map = list(
        inifilesORDERmatters = "C:/_git_/github/MonteShaffer/humanVerse/humanVerse/inst/R/config/number/80-number.ini", 
        master = "C:/_git_/github/MonteShaffer/humanVerse/humanVerse/inst/R/config/number/number.rds", 
        use.cache = FALSE, smart.num = FALSE, ... = structure(list(
            NA_character_), names = NA_character_)), formals = list(
        inifilesORDERmatters = "--EMPTY--", master = "cache/ini/master.rds", 
        use.cache = TRUE, smart.num = TRUE, ... = "--EMPTY--")))
--FILES--
"C:/_git_/github/MonteShaffer/humanVerse/humanVerse/inst/R/config/number/80-number.ini"
LOOP [i] :1
		now.start : 1665187366.25195
		stem : 80-number
		source : C:/_git_/github/MonteShaffer/humanVerse/humanVerse/inst/R/config/number/80-number.ini
		out : C:/_git_/github/MonteShaffer/humanVerse/humanVerse/inst/R/config/number/80-number.rds
		out.copy : C:/_git_/github/MonteShaffer/humanVerse/humanVerse/inst/R/config/number/-backups-/2022-10-08/1665187366.112726.88fd5_80-number.rds
		checksum : cf29cdb3a5a6ec626235819f5b19c7ba
		checksum.file : C:/_git_/github/MonteShaffer/humanVerse/humanVerse/inst/R/config/number/-backups-/80-number_cf29cdb3a5a6ec626235819f5b19c7ba.info
		checksum.exists : TRUE


			now.end : 1665187366.2668
			parse.time [secs] : 0.014854907989502

C:/_git_/github/MonteShaffer/humanVerse/humanVerse/inst/R/config/number/-backups-/2022-10-08/1665187366.112726.88fd5_number.rds
C:/_git_/github/MonteShaffer/humanVerse/humanVerse/inst/R/config/number/number.rds



####{R}###..................   END -INI- LOG ENTRY   ..................#



